c:\users\nmtun\documents\gıthub\team_unknown\project_platoonıng\task5\platoonıng_gpu\x64\debug\vc142.pdb
c:\users\nmtun\documents\gıthub\team_unknown\project_platoonıng\task5\platoonıng_gpu\x64\debug\vc142.ıdb
c:\users\nmtun\documents\gıthub\team_unknown\project_platoonıng\task5\platoonıng_gpu\x64\debug\truck.obj
c:\users\nmtun\documents\gıthub\team_unknown\project_platoonıng\task5\platoonıng_gpu\x64\debug\radar.obj
c:\users\nmtun\documents\gıthub\team_unknown\project_platoonıng\task5\platoonıng_gpu\x64\debug\camera.obj
x64\debug\maın.cu.obj
c:\users\nmtun\documents\gıthub\team_unknown\project_platoonıng\task5\platoonıng_gpu\x64\debug\platoonıng.ılk
c:\users\nmtun\documents\gıthub\team_unknown\project_platoonıng\task5\platoonıng_gpu\x64\debug\platoonıng.exe
c:\users\nmtun\documents\gıthub\team_unknown\project_platoonıng\task5\platoonıng_gpu\x64\debug\platoonıng.pdb
c:\users\nmtun\documents\github\team_unknown\project_platooning\task5\platooning_gpu\x64\debug\platooning.lib
c:\users\nmtun\documents\github\team_unknown\project_platooning\task5\platooning_gpu\x64\debug\platooning.exp
c:\users\nmtun\documents\github\team_unknown\project_platooning\task5\platooning_gpu\x64\debug\main.cu.cache
c:\users\nmtun\documents\github\team_unknown\project_platooning\task5\platooning_gpu\x64\debug\camera.obj
c:\users\nmtun\documents\github\team_unknown\project_platooning\task5\platooning_gpu\x64\debug\main.cu.obj
c:\users\nmtun\documents\github\team_unknown\project_platooning\task5\platooning_gpu\x64\debug\radar.obj
c:\users\nmtun\documents\github\team_unknown\project_platooning\task5\platooning_gpu\x64\debug\truck.obj
c:\users\nmtun\documents\github\team_unknown\project_platooning\task5\platooning_gpu\x64\debug\platooning.ilk
c:\users\nmtun\documents\github\team_unknown\project_platooning\task5\platooning_gpu\x64\debug\vc142.idb
c:\users\nmtun\documents\github\team_unknown\project_platooning\task5\platooning_gpu\x64\debug\platooning.pdb
c:\users\nmtun\documents\github\team_unknown\project_platooning\task5\platooning_gpu\x64\debug\vc142.pdb
c:\users\nmtun\documents\github\team_unknown\project_platooning\task5\platooning_gpu\x64\debug\platooning.tlog\cl.command.1.tlog
c:\users\nmtun\documents\github\team_unknown\project_platooning\task5\platooning_gpu\x64\debug\platooning.tlog\cl.read.1.tlog
c:\users\nmtun\documents\github\team_unknown\project_platooning\task5\platooning_gpu\x64\debug\platooning.tlog\cl.write.1.tlog
c:\users\nmtun\documents\github\team_unknown\project_platooning\task5\platooning_gpu\x64\debug\platooning.tlog\cudacompile.read.1u.tlog
c:\users\nmtun\documents\github\team_unknown\project_platooning\task5\platooning_gpu\x64\debug\platooning.tlog\cudacompile.write.1u.tlog
c:\users\nmtun\documents\github\team_unknown\project_platooning\task5\platooning_gpu\x64\debug\platooning.tlog\link.command.1.tlog
c:\users\nmtun\documents\github\team_unknown\project_platooning\task5\platooning_gpu\x64\debug\platooning.tlog\link.read.1.tlog
c:\users\nmtun\documents\github\team_unknown\project_platooning\task5\platooning_gpu\x64\debug\platooning.tlog\link.write.1.tlog
c:\users\nmtun\documents\github\team_unknown\project_platooning\task5\platooning_gpu\x64\debug\platooning.tlog\platooning.write.1u.tlog
